c:\users\devsodin\source\repos\ada-salesman\salesman\x64\release\salesman.pch
c:\users\devsodin\source\repos\ada-salesman\salesman\x64\release\vc141.pdb
c:\users\devsodin\source\repos\ada-salesman\salesman\x64\release\stdafx.obj
c:\users\devsodin\source\repos\ada-salesman\salesman\x64\release\visitsdimensiondlg.obj
c:\users\devsodin\source\repos\ada-salesman\salesman\x64\release\salesmandlg.obj
c:\users\devsodin\source\repos\ada-salesman\salesman\x64\release\salesman.obj
c:\users\devsodin\source\repos\ada-salesman\salesman\x64\release\greedy.obj
c:\users\devsodin\source\repos\ada-salesman\salesman\x64\release\graphdimensionsdlg.obj
c:\users\devsodin\source\repos\ada-salesman\salesman\x64\release\dijkstra.obj
c:\users\devsodin\source\repos\ada-salesman\salesman\x64\release\cgraphctrl.obj
c:\users\devsodin\source\repos\ada-salesman\salesman\x64\release\cgraph.obj
c:\users\devsodin\source\repos\ada-salesman\salesman\x64\release\branchandbound.obj
c:\users\devsodin\source\repos\ada-salesman\salesman\x64\release\backtracking.obj
c:\users\devsodin\source\repos\ada-salesman\x64\release\salesman.exe
c:\users\devsodin\source\repos\ada-salesman\x64\release\salesman.pdb
c:\users\devsodin\source\repos\ada-salesman\salesman\x64\release\salesman.res
c:\users\devsodin\source\repos\ada-salesman\x64\release\salesman.ipdb
c:\users\devsodin\source\repos\ada-salesman\x64\release\salesman.iobj
c:\users\devsodin\source\repos\ada-salesman\salesman\x64\release\salesman.tlog\cl.command.1.tlog
c:\users\devsodin\source\repos\ada-salesman\salesman\x64\release\salesman.tlog\cl.read.1.tlog
c:\users\devsodin\source\repos\ada-salesman\salesman\x64\release\salesman.tlog\cl.write.1.tlog
c:\users\devsodin\source\repos\ada-salesman\salesman\x64\release\salesman.tlog\link.command.1.tlog
c:\users\devsodin\source\repos\ada-salesman\salesman\x64\release\salesman.tlog\link.read.1.tlog
c:\users\devsodin\source\repos\ada-salesman\salesman\x64\release\salesman.tlog\link.write.1.tlog
c:\users\devsodin\source\repos\ada-salesman\salesman\x64\release\salesman.tlog\rc.command.1.tlog
c:\users\devsodin\source\repos\ada-salesman\salesman\x64\release\salesman.tlog\rc.read.1.tlog
c:\users\devsodin\source\repos\ada-salesman\salesman\x64\release\salesman.tlog\rc.write.1.tlog
c:\users\devsodin\source\repos\ada-salesman\salesman\x64\release\salesman.tlog\salesman.write.1u.tlog
